TN:
SF:/Users/julio/Desktop/OCCS/spoken-code/lib/analyzer.js
FN:1,(anonymous_0)
FN:55,(anonymous_1)
FN:62,(anonymous_2)
FN:72,(anonymous_3)
FN:76,(anonymous_4)
FN:106,(anonymous_5)
FN:122,(anonymous_6)
FN:130,(anonymous_7)
FN:148,(anonymous_8)
FN:167,(anonymous_9)
FN:186,(anonymous_10)
FN:196,(anonymous_11)
FN:202,(anonymous_12)
FN:217,(anonymous_13)
FN:232,(anonymous_14)
FN:243,(anonymous_15)
FN:329,(anonymous_16)
FN:336,(anonymous_17)
FN:355,(anonymous_18)
FN:365,(anonymous_19)
FN:371,(anonymous_20)
FN:378,(anonymous_21)
FN:390,(anonymous_22)
FN:420,(anonymous_23)
FN:474,(anonymous_24)
FN:482,(anonymous_25)
FN:501,(anonymous_26)
FN:621,(anonymous_27)
FNF:28
FNH:28
FNDA:142,(anonymous_0)
FNDA:1,(anonymous_1)
FNDA:2,(anonymous_2)
FNDA:2,(anonymous_3)
FNDA:2,(anonymous_4)
FNDA:2,(anonymous_5)
FNDA:2,(anonymous_6)
FNDA:2,(anonymous_7)
FNDA:4,(anonymous_8)
FNDA:4,(anonymous_9)
FNDA:13,(anonymous_10)
FNDA:2,(anonymous_11)
FNDA:4,(anonymous_12)
FNDA:19,(anonymous_13)
FNDA:2,(anonymous_14)
FNDA:48,(anonymous_15)
FNDA:4,(anonymous_16)
FNDA:7,(anonymous_17)
FNDA:14,(anonymous_18)
FNDA:50,(anonymous_19)
FNDA:35,(anonymous_20)
FNDA:2,(anonymous_21)
FNDA:16,(anonymous_22)
FNDA:12,(anonymous_23)
FNDA:1,(anonymous_24)
FNDA:1,(anonymous_25)
FNDA:31,(anonymous_26)
FNDA:57,(anonymous_27)
DA:1,1
DA:2,142
DA:3,142
DA:4,142
DA:6,1
DA:8,9
DA:10,1
DA:12,46
DA:14,35
DA:16,3
DA:18,2
DA:20,1
DA:22,13
DA:24,9
DA:26,1
DA:28,2
DA:30,2
DA:32,4
DA:34,2
DA:36,1
DA:38,2
DA:40,2
DA:42,1
DA:44,1
DA:46,1
DA:48,2
DA:50,1
DA:55,1
DA:56,1
DA:57,1
DA:58,1
DA:62,1
DA:63,2
DA:64,2
DA:65,2
DA:66,2
DA:67,1
DA:69,2
DA:72,1
DA:73,2
DA:76,1
DA:77,2
DA:78,2
DA:79,2
DA:80,2
DA:81,2
DA:82,5
DA:84,3
DA:85,3
DA:86,3
DA:87,2
DA:90,1
DA:92,3
DA:96,2
DA:97,2
DA:98,1
DA:100,2
DA:103,2
DA:106,1
DA:107,2
DA:108,2
DA:109,1
DA:111,1
DA:112,1
DA:113,1
DA:114,2
DA:115,2
DA:116,2
DA:117,2
DA:119,1
DA:122,1
DA:123,2
DA:124,2
DA:125,2
DA:126,2
DA:127,2
DA:130,1
DA:131,2
DA:132,2
DA:133,2
DA:134,2
DA:135,2
DA:136,1
DA:137,1
DA:138,1
DA:141,1
DA:142,1
DA:145,2
DA:148,1
DA:149,4
DA:150,4
DA:151,4
DA:152,2
DA:153,2
DA:155,2
DA:156,1
DA:157,1
DA:158,1
DA:161,1
DA:162,1
DA:163,1
DA:167,1
DA:169,4
DA:170,4
DA:171,4
DA:172,4
DA:173,3
DA:176,1
DA:178,4
DA:179,4
DA:180,4
DA:183,4
DA:186,1
DA:187,13
DA:188,13
DA:189,13
DA:190,13
DA:191,13
DA:192,13
DA:193,13
DA:196,1
DA:197,2
DA:198,2
DA:199,2
DA:202,1
DA:204,4
DA:205,4
DA:206,4
DA:207,4
DA:208,1
DA:211,3
DA:213,4
DA:214,4
DA:217,1
DA:218,19
DA:219,19
DA:220,15
DA:221,15
DA:222,15
DA:226,4
DA:227,4
DA:229,19
DA:232,1
DA:233,2
DA:235,2
DA:236,2
DA:237,2
DA:238,2
DA:239,2
DA:240,2
DA:243,1
DA:244,48
DA:245,48
DA:246,48
DA:247,5
DA:249,5
DA:250,2
DA:251,2
DA:254,3
DA:256,5
DA:257,5
DA:258,5
DA:259,5
DA:260,5
DA:262,43
DA:263,2
DA:264,2
DA:266,41
DA:267,11
DA:268,11
DA:270,30
DA:271,3
DA:272,3
DA:274,27
DA:275,13
DA:276,13
DA:278,14
DA:279,3
DA:280,3
DA:281,3
DA:283,11
DA:284,1
DA:285,1
DA:286,1
DA:287,1
DA:289,10
DA:290,2
DA:291,2
DA:292,2
DA:293,2
DA:294,2
DA:295,2
DA:297,8
DA:298,1
DA:299,1
DA:300,1
DA:301,1
DA:302,1
DA:304,7
DA:305,1
DA:306,1
DA:307,1
DA:309,6
DA:310,2
DA:311,2
DA:313,4
DA:314,1
DA:315,1
DA:316,1
DA:317,1
DA:318,1
DA:320,3
DA:321,1
DA:324,2
DA:325,2
DA:329,1
DA:330,4
DA:331,4
DA:332,4
DA:333,4
DA:336,1
DA:337,7
DA:338,1
DA:340,6
DA:342,6
DA:343,2
DA:345,4
DA:346,1
DA:349,3
DA:351,6
DA:352,6
DA:355,1
DA:356,14
DA:357,14
DA:358,14
DA:359,14
DA:360,14
DA:361,14
DA:362,14
DA:365,1
DA:366,50
DA:367,50
DA:368,50
DA:371,1
DA:372,35
DA:373,35
DA:374,35
DA:375,35
DA:378,1
DA:379,2
DA:380,2
DA:381,2
DA:382,2
DA:383,2
DA:384,2
DA:385,2
DA:386,2
DA:390,1
DA:391,16
DA:392,16
DA:393,13
DA:394,13
DA:395,13
DA:396,1
DA:397,1
DA:398,1
DA:399,1
DA:400,1
DA:401,1
DA:403,1
DA:404,1
DA:407,12
DA:408,12
DA:409,12
DA:412,13
DA:415,3
DA:416,3
DA:420,1
DA:421,12
DA:422,12
DA:423,12
DA:424,12
DA:425,1
DA:426,1
DA:427,1
DA:429,11
DA:430,1
DA:431,1
DA:432,1
DA:433,1
DA:434,1
DA:435,1
DA:437,10
DA:438,2
DA:439,2
DA:440,2
DA:442,2
DA:443,2
DA:445,8
DA:446,4
DA:447,4
DA:448,4
DA:449,4
DA:450,4
DA:452,4
DA:453,2
DA:454,2
DA:455,1
DA:457,1
DA:458,1
DA:459,1
DA:461,2
DA:462,1
DA:463,1
DA:464,1
DA:465,1
DA:467,1
DA:468,1
DA:469,1
DA:474,1
DA:475,1
DA:476,1
DA:477,1
DA:478,1
DA:479,1
DA:482,1
DA:483,1
DA:484,1
DA:485,2
DA:486,1
DA:487,1
DA:488,1
DA:489,1
DA:490,1
DA:491,1
DA:494,1
DA:495,1
DA:498,1
DA:501,1
DA:502,31
DA:503,31
DA:505,1
DA:506,1
DA:507,1
DA:509,1
DA:510,1
DA:511,1
DA:513,1
DA:514,1
DA:515,1
DA:517,1
DA:518,1
DA:519,1
DA:521,1
DA:522,1
DA:523,1
DA:525,1
DA:526,1
DA:527,1
DA:529,1
DA:530,1
DA:531,1
DA:533,1
DA:534,1
DA:535,1
DA:537,3
DA:538,3
DA:540,1
DA:541,1
DA:543,1
DA:544,1
DA:545,1
DA:547,1
DA:548,1
DA:549,1
DA:551,1
DA:552,1
DA:553,1
DA:555,1
DA:556,1
DA:557,1
DA:559,1
DA:560,1
DA:561,1
DA:563,1
DA:564,1
DA:565,1
DA:567,1
DA:568,1
DA:569,1
DA:571,1
DA:572,1
DA:573,1
DA:575,1
DA:576,1
DA:577,1
DA:579,1
DA:580,1
DA:581,1
DA:583,1
DA:584,1
DA:585,1
DA:587,1
DA:588,1
DA:589,1
DA:591,1
DA:592,1
DA:593,1
DA:595,1
DA:596,1
DA:597,1
DA:599,1
DA:600,1
DA:601,1
DA:603,1
DA:604,1
DA:605,1
DA:607,1
DA:608,1
DA:609,1
DA:611,1
DA:612,1
DA:613,1
DA:615,1
DA:616,1
DA:617,1
DA:621,1
DA:622,57
DA:623,57
DA:624,57
DA:625,57
DA:626,11
DA:627,11
DA:629,46
DA:630,39
DA:631,39
DA:633,7
DA:634,1
DA:635,1
DA:637,6
DA:638,1
DA:639,1
DA:641,5
DA:642,1
DA:643,1
DA:645,4
DA:646,2
DA:647,2
DA:649,2
DA:650,1
DA:651,1
DA:653,1
DA:654,1
DA:655,1
DA:658,57
DA:661,1
LF:456
LH:456
BRDA:4,0,0,1
BRDA:4,0,1,9
BRDA:4,0,2,1
BRDA:4,0,3,46
BRDA:4,0,4,35
BRDA:4,0,5,3
BRDA:4,0,6,2
BRDA:4,0,7,1
BRDA:4,0,8,13
BRDA:4,0,9,9
BRDA:4,0,10,1
BRDA:4,0,11,2
BRDA:4,0,12,2
BRDA:4,0,13,4
BRDA:4,0,14,2
BRDA:4,0,15,1
BRDA:4,0,16,2
BRDA:4,0,17,2
BRDA:4,0,18,1
BRDA:4,0,19,1
BRDA:4,0,20,1
BRDA:4,0,21,2
BRDA:4,0,22,1
BRDA:57,1,0,1
BRDA:57,1,1,0
BRDA:65,2,0,1
BRDA:65,2,1,1
BRDA:66,3,0,1
BRDA:66,3,1,1
BRDA:82,4,0,3
BRDA:82,4,1,2
BRDA:86,5,0,2
BRDA:86,5,1,1
BRDA:97,6,0,1
BRDA:97,6,1,1
BRDA:108,7,0,1
BRDA:108,7,1,1
BRDA:135,8,0,1
BRDA:135,8,1,1
BRDA:151,9,0,2
BRDA:151,9,1,2
BRDA:155,10,0,1
BRDA:155,10,1,1
BRDA:172,11,0,3
BRDA:172,11,1,1
BRDA:204,12,0,3
BRDA:204,12,1,1
BRDA:207,13,0,1
BRDA:207,13,1,3
BRDA:219,14,0,15
BRDA:219,14,1,4
BRDA:235,15,0,1
BRDA:235,15,1,1
BRDA:236,16,0,1
BRDA:236,16,1,1
BRDA:237,17,0,1
BRDA:237,17,1,1
BRDA:246,18,0,5
BRDA:246,18,1,43
BRDA:246,19,0,48
BRDA:246,19,1,9
BRDA:249,20,0,2
BRDA:249,20,1,3
BRDA:251,21,0,1
BRDA:251,21,1,1
BRDA:262,22,0,2
BRDA:262,22,1,41
BRDA:266,23,0,11
BRDA:266,23,1,30
BRDA:270,24,0,3
BRDA:270,24,1,27
BRDA:274,25,0,13
BRDA:274,25,1,14
BRDA:278,26,0,3
BRDA:278,26,1,11
BRDA:283,27,0,1
BRDA:283,27,1,10
BRDA:289,28,0,2
BRDA:289,28,1,8
BRDA:289,29,0,10
BRDA:289,29,1,4
BRDA:297,30,0,1
BRDA:297,30,1,7
BRDA:297,31,0,8
BRDA:297,31,1,2
BRDA:304,32,0,1
BRDA:304,32,1,6
BRDA:304,33,0,7
BRDA:304,33,1,1
BRDA:309,34,0,2
BRDA:309,34,1,4
BRDA:313,35,0,1
BRDA:313,35,1,3
BRDA:320,36,0,1
BRDA:320,36,1,2
BRDA:337,37,0,1
BRDA:337,37,1,6
BRDA:342,38,0,2
BRDA:342,38,1,4
BRDA:345,39,0,1
BRDA:345,39,1,3
BRDA:381,40,0,2
BRDA:381,40,1,0
BRDA:392,41,0,13
BRDA:392,41,1,3
BRDA:395,42,0,1
BRDA:395,42,1,12
BRDA:400,43,0,1
BRDA:400,43,1,0
BRDA:421,44,0,4
BRDA:421,44,1,8
BRDA:424,45,0,1
BRDA:424,45,1,11
BRDA:424,46,0,12
BRDA:424,46,1,12
BRDA:429,47,0,1
BRDA:429,47,1,10
BRDA:429,48,0,11
BRDA:429,48,1,11
BRDA:437,49,0,2
BRDA:437,49,1,8
BRDA:437,50,0,10
BRDA:437,50,1,10
BRDA:442,51,0,1
BRDA:442,51,1,1
BRDA:445,52,0,4
BRDA:445,52,1,4
BRDA:445,53,0,8
BRDA:445,53,1,8
BRDA:452,54,0,2
BRDA:452,54,1,2
BRDA:452,55,0,4
BRDA:452,55,1,4
BRDA:454,56,0,1
BRDA:454,56,1,1
BRDA:461,57,0,1
BRDA:461,57,1,1
BRDA:461,58,0,2
BRDA:461,58,1,2
BRDA:467,59,0,1
BRDA:467,59,1,0
BRDA:485,60,0,1
BRDA:485,60,1,1
BRDA:503,61,0,1
BRDA:503,61,1,1
BRDA:503,61,2,1
BRDA:503,61,3,1
BRDA:503,61,4,1
BRDA:503,61,5,1
BRDA:503,61,6,1
BRDA:503,61,7,1
BRDA:503,61,8,3
BRDA:503,61,9,1
BRDA:503,61,10,1
BRDA:503,61,11,1
BRDA:503,61,12,1
BRDA:503,61,13,1
BRDA:503,61,14,1
BRDA:503,61,15,1
BRDA:503,61,16,1
BRDA:503,61,17,1
BRDA:503,61,18,1
BRDA:503,61,19,1
BRDA:503,61,20,1
BRDA:503,61,21,1
BRDA:503,61,22,1
BRDA:503,61,23,1
BRDA:503,61,24,1
BRDA:503,61,25,1
BRDA:503,61,26,1
BRDA:503,61,27,1
BRDA:503,61,28,1
BRDA:625,62,0,11
BRDA:625,62,1,46
BRDA:629,63,0,39
BRDA:629,63,1,7
BRDA:633,64,0,1
BRDA:633,64,1,6
BRDA:637,65,0,1
BRDA:637,65,1,5
BRDA:641,66,0,1
BRDA:641,66,1,4
BRDA:645,67,0,2
BRDA:645,67,1,2
BRDA:649,68,0,1
BRDA:649,68,1,1
BRDA:653,69,0,1
BRDA:653,69,1,0
BRF:188
BRH:183
end_of_record
