TN:
SF:/Users/julio/Desktop/OCCS/spoken-code/lib/analyzer.js
FN:1,(anonymous_0)
FN:59,(anonymous_1)
FN:68,(anonymous_2)
FN:81,(anonymous_3)
FN:91,(anonymous_4)
FN:95,(anonymous_5)
FN:125,(anonymous_6)
FN:141,(anonymous_7)
FN:149,(anonymous_8)
FN:167,(anonymous_9)
FN:186,(anonymous_10)
FN:205,(anonymous_11)
FN:215,(anonymous_12)
FN:221,(anonymous_13)
FN:236,(anonymous_14)
FN:251,(anonymous_15)
FN:262,(anonymous_16)
FN:348,(anonymous_17)
FN:355,(anonymous_18)
FN:374,(anonymous_19)
FN:384,(anonymous_20)
FN:390,(anonymous_21)
FN:397,(anonymous_22)
FN:409,(anonymous_23)
FN:439,(anonymous_24)
FN:493,(anonymous_25)
FN:501,(anonymous_26)
FN:520,(anonymous_27)
FN:640,(anonymous_28)
FNF:29
FNH:29
FNDA:152,(anonymous_0)
FNDA:2,(anonymous_1)
FNDA:3,(anonymous_2)
FNDA:2,(anonymous_3)
FNDA:2,(anonymous_4)
FNDA:2,(anonymous_5)
FNDA:2,(anonymous_6)
FNDA:2,(anonymous_7)
FNDA:2,(anonymous_8)
FNDA:4,(anonymous_9)
FNDA:4,(anonymous_10)
FNDA:13,(anonymous_11)
FNDA:2,(anonymous_12)
FNDA:4,(anonymous_13)
FNDA:19,(anonymous_14)
FNDA:2,(anonymous_15)
FNDA:52,(anonymous_16)
FNDA:4,(anonymous_17)
FNDA:8,(anonymous_18)
FNDA:14,(anonymous_19)
FNDA:55,(anonymous_20)
FNDA:34,(anonymous_21)
FNDA:4,(anonymous_22)
FNDA:18,(anonymous_23)
FNDA:12,(anonymous_24)
FNDA:1,(anonymous_25)
FNDA:1,(anonymous_26)
FNDA:31,(anonymous_27)
FNDA:61,(anonymous_28)
DA:1,1
DA:2,152
DA:3,152
DA:4,152
DA:6,1
DA:8,9
DA:10,1
DA:12,51
DA:14,34
DA:16,3
DA:18,3
DA:20,1
DA:22,13
DA:24,9
DA:26,1
DA:28,2
DA:30,2
DA:32,4
DA:34,2
DA:36,1
DA:38,2
DA:40,2
DA:42,1
DA:44,1
DA:46,1
DA:48,2
DA:50,3
DA:52,1
DA:54,2
DA:59,1
DA:60,2
DA:61,1
DA:63,1
DA:64,1
DA:68,1
DA:69,3
DA:70,3
DA:71,1
DA:73,2
DA:74,1
DA:76,1
DA:77,1
DA:81,1
DA:82,2
DA:83,2
DA:84,2
DA:85,2
DA:86,1
DA:88,2
DA:91,1
DA:92,2
DA:95,1
DA:96,2
DA:97,2
DA:98,2
DA:99,2
DA:100,2
DA:101,5
DA:103,3
DA:104,3
DA:105,3
DA:106,2
DA:109,1
DA:111,3
DA:115,2
DA:116,2
DA:117,1
DA:119,2
DA:122,2
DA:125,1
DA:126,2
DA:127,2
DA:128,1
DA:130,1
DA:131,1
DA:132,1
DA:133,2
DA:134,2
DA:135,2
DA:136,2
DA:138,1
DA:141,1
DA:142,2
DA:143,2
DA:144,2
DA:145,2
DA:146,2
DA:149,1
DA:150,2
DA:151,2
DA:152,2
DA:153,2
DA:154,2
DA:155,1
DA:156,1
DA:157,1
DA:160,1
DA:161,1
DA:164,2
DA:167,1
DA:168,4
DA:169,4
DA:170,4
DA:171,2
DA:172,2
DA:174,2
DA:175,1
DA:176,1
DA:177,1
DA:180,1
DA:181,1
DA:182,1
DA:186,1
DA:188,4
DA:189,4
DA:190,4
DA:191,4
DA:192,3
DA:195,1
DA:197,4
DA:198,4
DA:199,4
DA:202,4
DA:205,1
DA:206,13
DA:207,13
DA:208,13
DA:209,13
DA:210,13
DA:211,13
DA:212,13
DA:215,1
DA:216,2
DA:217,2
DA:218,2
DA:221,1
DA:223,4
DA:224,4
DA:225,4
DA:226,4
DA:227,1
DA:230,3
DA:232,4
DA:233,4
DA:236,1
DA:237,19
DA:238,19
DA:239,15
DA:240,15
DA:241,15
DA:245,4
DA:246,4
DA:248,19
DA:251,1
DA:252,2
DA:254,2
DA:255,2
DA:256,2
DA:257,2
DA:258,2
DA:259,2
DA:262,1
DA:263,52
DA:264,52
DA:265,52
DA:266,5
DA:268,5
DA:269,2
DA:270,2
DA:273,3
DA:275,5
DA:276,5
DA:277,5
DA:278,5
DA:279,5
DA:281,47
DA:282,2
DA:283,2
DA:285,45
DA:286,11
DA:287,11
DA:289,34
DA:290,3
DA:291,3
DA:293,31
DA:294,13
DA:295,13
DA:297,18
DA:298,3
DA:299,3
DA:300,3
DA:302,15
DA:303,1
DA:304,1
DA:305,1
DA:306,1
DA:308,14
DA:309,2
DA:310,2
DA:311,2
DA:312,2
DA:313,2
DA:314,2
DA:316,12
DA:317,1
DA:318,1
DA:319,1
DA:320,1
DA:321,1
DA:323,11
DA:324,1
DA:325,1
DA:326,1
DA:328,10
DA:329,2
DA:330,2
DA:332,8
DA:333,1
DA:334,1
DA:335,1
DA:336,1
DA:337,1
DA:339,7
DA:340,3
DA:343,4
DA:344,4
DA:348,1
DA:349,4
DA:350,4
DA:351,4
DA:352,4
DA:355,1
DA:356,8
DA:357,1
DA:359,7
DA:361,7
DA:362,2
DA:364,5
DA:365,1
DA:368,4
DA:370,7
DA:371,7
DA:374,1
DA:375,14
DA:376,14
DA:377,14
DA:378,14
DA:379,14
DA:380,14
DA:381,14
DA:384,1
DA:385,55
DA:386,55
DA:387,55
DA:390,1
DA:391,34
DA:392,34
DA:393,34
DA:394,34
DA:397,1
DA:398,4
DA:399,4
DA:400,4
DA:401,4
DA:402,4
DA:403,4
DA:404,4
DA:405,4
DA:409,1
DA:410,18
DA:411,18
DA:412,13
DA:413,13
DA:414,13
DA:415,1
DA:416,1
DA:417,1
DA:418,1
DA:419,1
DA:420,1
DA:422,1
DA:423,1
DA:426,12
DA:427,12
DA:428,12
DA:431,13
DA:434,5
DA:435,5
DA:439,1
DA:440,12
DA:441,12
DA:442,12
DA:443,12
DA:444,1
DA:445,1
DA:446,1
DA:448,11
DA:449,1
DA:450,1
DA:451,1
DA:452,1
DA:453,1
DA:454,1
DA:456,10
DA:457,2
DA:458,2
DA:459,2
DA:461,2
DA:462,2
DA:464,8
DA:465,4
DA:466,4
DA:467,4
DA:468,4
DA:469,4
DA:471,4
DA:472,2
DA:473,2
DA:474,1
DA:476,1
DA:477,1
DA:478,1
DA:480,2
DA:481,1
DA:482,1
DA:483,1
DA:484,1
DA:486,1
DA:487,1
DA:488,1
DA:493,1
DA:494,1
DA:495,1
DA:496,1
DA:497,1
DA:498,1
DA:501,1
DA:502,1
DA:503,1
DA:504,2
DA:505,1
DA:506,1
DA:507,1
DA:508,1
DA:509,1
DA:510,1
DA:513,1
DA:514,1
DA:517,1
DA:520,1
DA:521,31
DA:522,31
DA:524,1
DA:525,1
DA:526,1
DA:528,1
DA:529,1
DA:530,1
DA:532,1
DA:533,1
DA:534,1
DA:536,1
DA:537,1
DA:538,1
DA:540,1
DA:541,1
DA:542,1
DA:544,1
DA:545,1
DA:546,1
DA:548,1
DA:549,1
DA:550,1
DA:552,1
DA:553,1
DA:554,1
DA:556,3
DA:557,3
DA:559,1
DA:560,1
DA:562,1
DA:563,1
DA:564,1
DA:566,1
DA:567,1
DA:568,1
DA:570,1
DA:571,1
DA:572,1
DA:574,1
DA:575,1
DA:576,1
DA:578,1
DA:579,1
DA:580,1
DA:582,1
DA:583,1
DA:584,1
DA:586,1
DA:587,1
DA:588,1
DA:590,1
DA:591,1
DA:592,1
DA:594,1
DA:595,1
DA:596,1
DA:598,1
DA:599,1
DA:600,1
DA:602,1
DA:603,1
DA:604,1
DA:606,1
DA:607,1
DA:608,1
DA:610,1
DA:611,1
DA:612,1
DA:614,1
DA:615,1
DA:616,1
DA:618,1
DA:619,1
DA:620,1
DA:622,1
DA:623,1
DA:624,1
DA:626,1
DA:627,1
DA:628,1
DA:630,1
DA:631,1
DA:632,1
DA:634,1
DA:635,1
DA:636,1
DA:640,1
DA:641,61
DA:642,61
DA:643,61
DA:644,61
DA:645,11
DA:646,11
DA:648,50
DA:649,43
DA:650,43
DA:652,7
DA:653,1
DA:654,1
DA:656,6
DA:657,1
DA:658,1
DA:660,5
DA:661,1
DA:662,1
DA:664,4
DA:665,2
DA:666,2
DA:668,2
DA:669,1
DA:670,1
DA:672,1
DA:673,1
DA:674,1
DA:677,61
DA:680,1
LF:467
LH:467
BRDA:4,0,0,1
BRDA:4,0,1,9
BRDA:4,0,2,1
BRDA:4,0,3,51
BRDA:4,0,4,34
BRDA:4,0,5,3
BRDA:4,0,6,3
BRDA:4,0,7,1
BRDA:4,0,8,13
BRDA:4,0,9,9
BRDA:4,0,10,1
BRDA:4,0,11,2
BRDA:4,0,12,2
BRDA:4,0,13,4
BRDA:4,0,14,2
BRDA:4,0,15,1
BRDA:4,0,16,2
BRDA:4,0,17,2
BRDA:4,0,18,1
BRDA:4,0,19,1
BRDA:4,0,20,1
BRDA:4,0,21,2
BRDA:4,0,22,3
BRDA:4,0,23,1
BRDA:4,0,24,2
BRDA:60,1,0,1
BRDA:60,1,1,1
BRDA:63,2,0,1
BRDA:63,2,1,0
BRDA:70,3,0,1
BRDA:70,3,1,2
BRDA:73,4,0,1
BRDA:73,4,1,1
BRDA:76,5,0,1
BRDA:76,5,1,0
BRDA:84,6,0,1
BRDA:84,6,1,1
BRDA:85,7,0,1
BRDA:85,7,1,1
BRDA:101,8,0,3
BRDA:101,8,1,2
BRDA:105,9,0,2
BRDA:105,9,1,1
BRDA:116,10,0,1
BRDA:116,10,1,1
BRDA:127,11,0,1
BRDA:127,11,1,1
BRDA:154,12,0,1
BRDA:154,12,1,1
BRDA:170,13,0,2
BRDA:170,13,1,2
BRDA:174,14,0,1
BRDA:174,14,1,1
BRDA:191,15,0,3
BRDA:191,15,1,1
BRDA:223,16,0,3
BRDA:223,16,1,1
BRDA:226,17,0,1
BRDA:226,17,1,3
BRDA:238,18,0,15
BRDA:238,18,1,4
BRDA:254,19,0,1
BRDA:254,19,1,1
BRDA:255,20,0,1
BRDA:255,20,1,1
BRDA:256,21,0,1
BRDA:256,21,1,1
BRDA:265,22,0,5
BRDA:265,22,1,47
BRDA:265,23,0,52
BRDA:265,23,1,9
BRDA:268,24,0,2
BRDA:268,24,1,3
BRDA:270,25,0,1
BRDA:270,25,1,1
BRDA:281,26,0,2
BRDA:281,26,1,45
BRDA:285,27,0,11
BRDA:285,27,1,34
BRDA:289,28,0,3
BRDA:289,28,1,31
BRDA:293,29,0,13
BRDA:293,29,1,18
BRDA:297,30,0,3
BRDA:297,30,1,15
BRDA:302,31,0,1
BRDA:302,31,1,14
BRDA:308,32,0,2
BRDA:308,32,1,12
BRDA:308,33,0,14
BRDA:308,33,1,4
BRDA:316,34,0,1
BRDA:316,34,1,11
BRDA:316,35,0,12
BRDA:316,35,1,2
BRDA:323,36,0,1
BRDA:323,36,1,10
BRDA:323,37,0,11
BRDA:323,37,1,1
BRDA:328,38,0,2
BRDA:328,38,1,8
BRDA:332,39,0,1
BRDA:332,39,1,7
BRDA:339,40,0,3
BRDA:339,40,1,4
BRDA:356,41,0,1
BRDA:356,41,1,7
BRDA:361,42,0,2
BRDA:361,42,1,5
BRDA:364,43,0,1
BRDA:364,43,1,4
BRDA:400,44,0,4
BRDA:400,44,1,0
BRDA:411,45,0,13
BRDA:411,45,1,5
BRDA:414,46,0,1
BRDA:414,46,1,12
BRDA:419,47,0,1
BRDA:419,47,1,0
BRDA:440,48,0,4
BRDA:440,48,1,8
BRDA:443,49,0,1
BRDA:443,49,1,11
BRDA:443,50,0,12
BRDA:443,50,1,12
BRDA:448,51,0,1
BRDA:448,51,1,10
BRDA:448,52,0,11
BRDA:448,52,1,11
BRDA:456,53,0,2
BRDA:456,53,1,8
BRDA:456,54,0,10
BRDA:456,54,1,10
BRDA:461,55,0,1
BRDA:461,55,1,1
BRDA:464,56,0,4
BRDA:464,56,1,4
BRDA:464,57,0,8
BRDA:464,57,1,8
BRDA:471,58,0,2
BRDA:471,58,1,2
BRDA:471,59,0,4
BRDA:471,59,1,4
BRDA:473,60,0,1
BRDA:473,60,1,1
BRDA:480,61,0,1
BRDA:480,61,1,1
BRDA:480,62,0,2
BRDA:480,62,1,2
BRDA:486,63,0,1
BRDA:486,63,1,0
BRDA:504,64,0,1
BRDA:504,64,1,1
BRDA:522,65,0,1
BRDA:522,65,1,1
BRDA:522,65,2,1
BRDA:522,65,3,1
BRDA:522,65,4,1
BRDA:522,65,5,1
BRDA:522,65,6,1
BRDA:522,65,7,1
BRDA:522,65,8,3
BRDA:522,65,9,1
BRDA:522,65,10,1
BRDA:522,65,11,1
BRDA:522,65,12,1
BRDA:522,65,13,1
BRDA:522,65,14,1
BRDA:522,65,15,1
BRDA:522,65,16,1
BRDA:522,65,17,1
BRDA:522,65,18,1
BRDA:522,65,19,1
BRDA:522,65,20,1
BRDA:522,65,21,1
BRDA:522,65,22,1
BRDA:522,65,23,1
BRDA:522,65,24,1
BRDA:522,65,25,1
BRDA:522,65,26,1
BRDA:522,65,27,1
BRDA:522,65,28,1
BRDA:644,66,0,11
BRDA:644,66,1,50
BRDA:648,67,0,43
BRDA:648,67,1,7
BRDA:652,68,0,1
BRDA:652,68,1,6
BRDA:656,69,0,1
BRDA:656,69,1,5
BRDA:660,70,0,1
BRDA:660,70,1,4
BRDA:664,71,0,2
BRDA:664,71,1,2
BRDA:668,72,0,1
BRDA:668,72,1,1
BRDA:672,73,0,1
BRDA:672,73,1,0
BRF:198
BRH:192
end_of_record
